<?xml version="1.0" encoding="UTF-8"?>
<testsuite xmlns:xsi="http://www.w3.org/2001/XMLSchema-instance" xsi:noNamespaceSchemaLocation="https://maven.apache.org/surefire/maven-surefire-plugin/xsd/surefire-test-report.xsd" name="com.michaelbeddev.EstudianteTest" time="0.028" tests="6" errors="0" skipped="0" failures="0">
  <properties>
    <property name="java.specification.version" value="21"/>
    <property name="sun.jnu.encoding" value="UTF-8"/>
    <property name="java.class.path" value="/home/vagrant/reposCD/CD2023/3av/estudianteMVN/target/test-classes:/home/vagrant/reposCD/CD2023/3av/estudianteMVN/target/classes:/home/vagrant/.m2/repository/org/junit/jupiter/junit-jupiter-api/5.11.0-M1/junit-jupiter-api-5.11.0-M1.jar:/home/vagrant/.m2/repository/org/opentest4j/opentest4j/1.3.0/opentest4j-1.3.0.jar:/home/vagrant/.m2/repository/org/junit/platform/junit-platform-commons/1.11.0-M1/junit-platform-commons-1.11.0-M1.jar:/home/vagrant/.m2/repository/org/apiguardian/apiguardian-api/1.1.2/apiguardian-api-1.1.2.jar:"/>
    <property name="java.vm.vendor" value="Private Build"/>
    <property name="sun.arch.data.model" value="64"/>
    <property name="java.vendor.url" value="Unknown"/>
    <property name="os.name" value="Linux"/>
    <property name="java.vm.specification.version" value="21"/>
    <property name="sun.java.launcher" value="SUN_STANDARD"/>
    <property name="user.country" value="ES"/>
    <property name="sun.boot.library.path" value="/usr/lib/jvm/java-21-openjdk-amd64/lib"/>
    <property name="sun.java.command" value="/home/vagrant/reposCD/CD2023/3av/estudianteMVN/target/surefire/surefirebooter10961514948384188574.jar /home/vagrant/reposCD/CD2023/3av/estudianteMVN/target/surefire 2024-04-29T09-19-26_573-jvmRun1 surefire16848976749337671010tmp surefire_015194122331087282145tmp"/>
    <property name="jdk.debug" value="release"/>
    <property name="surefire.test.class.path" value="/home/vagrant/reposCD/CD2023/3av/estudianteMVN/target/test-classes:/home/vagrant/reposCD/CD2023/3av/estudianteMVN/target/classes:/home/vagrant/.m2/repository/org/junit/jupiter/junit-jupiter-api/5.11.0-M1/junit-jupiter-api-5.11.0-M1.jar:/home/vagrant/.m2/repository/org/opentest4j/opentest4j/1.3.0/opentest4j-1.3.0.jar:/home/vagrant/.m2/repository/org/junit/platform/junit-platform-commons/1.11.0-M1/junit-platform-commons-1.11.0-M1.jar:/home/vagrant/.m2/repository/org/apiguardian/apiguardian-api/1.1.2/apiguardian-api-1.1.2.jar:"/>
    <property name="sun.cpu.endian" value="little"/>
    <property name="user.home" value="/home/vagrant"/>
    <property name="user.language" value="es"/>
    <property name="java.specification.vendor" value="Oracle Corporation"/>
    <property name="java.version.date" value="2024-01-16"/>
    <property name="java.home" value="/usr/lib/jvm/java-21-openjdk-amd64"/>
    <property name="file.separator" value="/"/>
    <property name="basedir" value="/home/vagrant/reposCD/CD2023/3av/estudianteMVN"/>
    <property name="java.vm.compressedOopsMode" value="32-bit"/>
    <property name="line.separator" value="&#10;"/>
    <property name="java.specification.name" value="Java Platform API Specification"/>
    <property name="java.vm.specification.vendor" value="Oracle Corporation"/>
    <property name="surefire.real.class.path" value="/home/vagrant/reposCD/CD2023/3av/estudianteMVN/target/surefire/surefirebooter10961514948384188574.jar"/>
    <property name="sun.management.compiler" value="HotSpot 64-Bit Tiered Compilers"/>
    <property name="java.runtime.version" value="21.0.2+13-Ubuntu-122.04.1"/>
    <property name="user.name" value="vagrant"/>
    <property name="stdout.encoding" value="UTF-8"/>
    <property name="path.separator" value=":"/>
    <property name="os.version" value="6.5.0-28-generic"/>
    <property name="java.runtime.name" value="OpenJDK Runtime Environment"/>
    <property name="file.encoding" value="UTF-8"/>
    <property name="java.vm.name" value="OpenJDK 64-Bit Server VM"/>
    <property name="localRepository" value="/home/vagrant/.m2/repository"/>
    <property name="java.vendor.url.bug" value="Unknown"/>
    <property name="java.io.tmpdir" value="/tmp"/>
    <property name="java.version" value="21.0.2"/>
    <property name="user.dir" value="/home/vagrant/reposCD/CD2023/3av/estudianteMVN"/>
    <property name="os.arch" value="amd64"/>
    <property name="java.vm.specification.name" value="Java Virtual Machine Specification"/>
    <property name="native.encoding" value="UTF-8"/>
    <property name="java.library.path" value="/usr/java/packages/lib:/usr/lib/x86_64-linux-gnu/jni:/lib/x86_64-linux-gnu:/usr/lib/x86_64-linux-gnu:/usr/lib/jni:/lib:/usr/lib"/>
    <property name="java.vm.info" value="mixed mode, sharing"/>
    <property name="stderr.encoding" value="UTF-8"/>
    <property name="java.vendor" value="Private Build"/>
    <property name="java.vm.version" value="21.0.2+13-Ubuntu-122.04.1"/>
    <property name="sun.io.unicode.encoding" value="UnicodeLittle"/>
    <property name="java.class.version" value="65.0"/>
  </properties>
  <testcase name="com.michaelbeddev.EstudianteTest.testEstudiante" classname="com.michaelbeddev.EstudianteTest" time="0.002"/>
  <testcase name="com.michaelbeddev.EstudianteTest.testEsUniversitario" classname="com.michaelbeddev.EstudianteTest" time="0.001"/>
  <testcase name="com.michaelbeddev.EstudianteTest.testAprobo" classname="com.michaelbeddev.EstudianteTest" time="0"/>
  <testcase name="com.michaelbeddev.EstudianteTest.testReprobo" classname="com.michaelbeddev.EstudianteTest" time="0.001"/>
  <testcase name="com.michaelbeddev.EstudianteTest.testEdadEscolar" classname="com.michaelbeddev.EstudianteTest" time="0.001"/>
  <testcase name="com.michaelbeddev.EstudianteTest.testImprimirInformacion" classname="com.michaelbeddev.EstudianteTest" time="0.021"/>
</testsuite>